================================================================================
MODEL COMPARISON ANALYSIS
================================================================================

Loading models...
✓ Loaded Feature MLP
✓ Loaded Distance MLP
✓ Loaded CNN
✓ Loaded DeepSets

Loading test data...
Test samples: 750

Evaluating models...

================================================================================
MODEL COMPARISON - Position Prediction (x0, y0)
================================================================================
Metric                       feature_mlp            cnn       deepsets
--------------------------------------------------------------------------------
MAE X (μm)                          3.25           6.66           3.50
MAE Y (μm)                          3.25           6.87           3.56
Mean Dist Error (μm)                4.94          10.22           5.47
Median Dist Error (μm)              3.96           8.70           4.63
P90 Dist Error (μm)                 9.71          19.66           9.92
Within 5 μm (%)                    61.73          22.00          55.60
Within 10 μm (%)                   91.20          58.27          90.00

--------------------------------------------------------------------------------
Distance MLP (distance-only prediction):
  MAE: 3.68 μm, RMSE: 4.09 μm, Within 5μm: 77.7%
================================================================================

Comparison plot saved to: analysis/model_comparison.png

Analysis complete!
