<frozen runpy>:128: RuntimeWarning: 'models.distance_mlp.train' found in sys.modules after import of package 'models.distance_mlp', but prior to execution of 'models.distance_mlp.train'; this may result in unpredictable behaviour
============================================================
DISTANCE MLP MODEL TRAINING
============================================================

Loading data from: data/molecular_comm_dataset.mat
Total samples: 5000

Distance range: 22.1 - 126.0 μm
Train: 3500, Val: 750, Test: 750

Fitting physics calibration...
Training samples (with augmentation): 10500

============================================================
Training started
============================================================
Epoch  20: train=0.003124, val=0.000784
Epoch  40: train=0.002763, val=0.000977
Epoch  60: train=0.002779, val=0.001068
Epoch  80: train=0.002704, val=0.000881
Epoch 100: train=0.002673, val=0.000872

Early stopping at epoch 109

============================================================
Final Evaluation on Test Set
============================================================

============================================================
TEST SET METRICS
============================================================
Error Statistics:
  MAE:    3.614 μm
  RMSE:   4.039 μm
  Median: 3.635 μm
  Std:    1.804 μm
  P90:    5.901 μm
Accuracy:
  Within 2 μm:  20.5%
  Within 5 μm:  77.3%
  Within 10 μm: 100.0%
============================================================

============================================================
PHYSICS BASELINE
============================================================
Error Statistics:
  MAE:    2.527 μm
  RMSE:   3.353 μm
  Median: 1.912 μm
  Std:    2.204 μm
  P90:    5.384 μm
Accuracy:
  Within 2 μm:  52.3%
  Within 5 μm:  87.6%
  Within 10 μm: 98.9%
============================================================

NN improvement over physics: -43.0%

Model saved to: outputs/distance_mlp/model.pt
Plots saved to: outputs/distance_mlp/training_results.png

Training complete!
